<?xml version="1.0" encoding="UTF-8"?>
<!-- Generated by org.testng.reporters.JUnitReportReporter -->
<testsuite skipped="0" hostname="DESKTOP-3S3P68U" name="com.qa.uber.tests.ElevatePageTest" tests="1" failures="0" timestamp="22 Nov 2020 11:52:47 GMT" time="0.360" errors="0">
  <testcase name="verifyLinkCount" time="0.360" classname="com.qa.uber.tests.ElevatePageTest"/>
</testsuite> <!-- com.qa.uber.tests.ElevatePageTest -->
