<?xml version="1.0" encoding="UTF-8"?>
<!-- Generated by org.testng.reporters.JUnitReportReporter -->
<testsuite skipped="0" hostname="DESKTOP-3S3P68U" name="com.qa.uber.tests.HomePageTest" tests="2" failures="0" timestamp="22 Nov 2020 11:52:47 GMT" time="1.606" errors="0">
  <testcase name="verifyHomePageTitleTest" time="0.561" classname="com.qa.uber.tests.HomePageTest"/>
  <testcase name="verifyLocationValueTest" time="1.045" classname="com.qa.uber.tests.HomePageTest"/>
</testsuite> <!-- com.qa.uber.tests.HomePageTest -->
